00:00.00 lv0 <<< --------------------  Create File -------------------- >>> 
00:09.44 lv0 (User:18|Room:10)UD:[00000]:[00000]:[00000]  UR:[02175]:[27177]:[00152] 
00:09.44 lv0 UR:[0005]:[0056]:[0004] 
00:09.44 lv0 UDP Total COunt : 18000 Server Connector : 1 
00:19.44 lv0 (User:9|Room:7)UD:[00000]:[00000]:[00000]  UR:[00128]:[02521]:[00004] 
00:19.44 lv0 UR:[0005]:[0056]:[0004] 
00:19.44 lv0 UDP Total COunt : 18000 Server Connector : 1 
00:29.44 lv0 (User:4|Room:6)UD:[00000]:[00000]:[00000]  UR:[00130]:[00497]:[00000] 
00:29.44 lv0 UR:[0005]:[0056]:[0004] 
00:29.44 lv0 UDP Total COunt : 18000 Server Connector : 1 
00:39.44 lv0 (User:8|Room:8)UD:[00000]:[00000]:[00000]  UR:[00414]:[01744]:[00018] 
00:39.44 lv0 UR:[0005]:[0056]:[0004] 
00:39.44 lv0 UDP Total COunt : 18000 Server Connector : 1 
00:49.44 lv0 (User:4|Room:5)UD:[00000]:[00000]:[00000]  UR:[00012]:[00247]:[00002] 
00:49.44 lv0 UR:[0005]:[0056]:[0004] 
00:49.44 lv0 UDP Total COunt : 18000 Server Connector : 1 
00:59.44 lv0 (User:4|Room:5)UD:[00000]:[00000]:[00000]  UR:[00215]:[00636]:[00011] 
00:59.44 lv0 UR:[0005]:[0056]:[0004] 
00:59.44 lv0 UDP Total COunt : 18000 Server Connector : 1 
01:09.44 lv0 (User:6|Room:5)UD:[00000]:[00000]:[00000]  UR:[00490]:[01549]:[00009] 
01:09.44 lv0 UR:[0005]:[0056]:[0004] 
01:09.44 lv0 UDP Total COunt : 18000 Server Connector : 1 
01:19.44 lv0 (User:12|Room:7)UD:[00000]:[00000]:[00000]  UR:[01971]:[12201]:[00139] 
01:19.44 lv0 UR:[0006]:[0057]:[0004] 
01:19.44 lv0 UDP Total COunt : 18000 Server Connector : 1 
01:29.44 lv0 (User:4|Room:4)UD:[00000]:[00000]:[00000]  UR:[00124]:[00000]:[00000] 
01:29.44 lv0 UR:[0006]:[0057]:[0004] 
01:29.44 lv0 UDP Total COunt : 18000 Server Connector : 1 
01:39.44 lv0 (User:7|Room:5)UD:[00000]:[00000]:[00000]  UR:[00451]:[01881]:[00007] 
01:39.44 lv0 UR:[0006]:[0057]:[0004] 
01:39.44 lv0 UDP Total COunt : 18000 Server Connector : 1 
01:49.44 lv0 (User:8|Room:7)UD:[00000]:[00000]:[00000]  UR:[00500]:[04384]:[00000] 
01:49.44 lv0 UR:[0006]:[0057]:[0004] 
01:49.44 lv0 UDP Total COunt : 18000 Server Connector : 1 
01:59.44 lv0 (User:15|Room:9)UD:[00000]:[00000]:[00000]  UR:[01284]:[06738]:[00036] 
01:59.44 lv0 UR:[0006]:[0057]:[0004] 
01:59.44 lv0 UDP Total COunt : 18000 Server Connector : 1 
02:09.44 lv0 (User:1|Room:1)UD:[00000]:[00000]:[00000]  UR:[02041]:[20371]:[00182] 
02:09.44 lv0 UR:[0006]:[0057]:[0004] 
02:09.44 lv0 UDP Total COunt : 18000 Server Connector : 1 
02:19.44 lv0 (User:3|Room:4)UD:[00000]:[00000]:[00000]  UR:[00261]:[00000]:[00000] 
02:19.44 lv0 UR:[0006]:[0057]:[0004] 
02:19.44 lv0 UDP Total COunt : 18000 Server Connector : 1 
02:29.44 lv0 (User:6|Room:6)UD:[00000]:[00000]:[00000]  UR:[00624]:[05755]:[00044] 
02:29.44 lv0 UR:[0006]:[0057]:[0004] 
02:29.44 lv0 UDP Total COunt : 18000 Server Connector : 1 
02:39.44 lv0 (User:8|Room:6)UD:[00000]:[00000]:[00000]  UR:[00515]:[07110]:[00008] 
02:39.44 lv0 UR:[0006]:[0057]:[0004] 
02:39.44 lv0 UDP Total COunt : 18000 Server Connector : 1 
02:49.44 lv0 (User:8|Room:5)UD:[00000]:[00000]:[00000]  UR:[00506]:[10609]:[00007] 
02:49.44 lv0 UR:[0006]:[0057]:[0004] 
02:49.44 lv0 UDP Total COunt : 18000 Server Connector : 1 
02:59.44 lv0 (User:10|Room:5)UD:[00000]:[00000]:[00000]  UR:[00726]:[35983]:[00049] 
02:59.44 lv0 UR:[0006]:[0057]:[0004] 
02:59.44 lv0 UDP Total COunt : 18000 Server Connector : 1 
03:09.44 lv0 (User:13|Room:3)UD:[00000]:[00000]:[00000]  UR:[01259]:[83083]:[00109] 
03:09.44 lv0 UR:[0006]:[0057]:[0004] 
03:09.44 lv0 UDP Total COunt : 18000 Server Connector : 1 
03:19.44 lv0 (User:8|Room:5)UD:[00000]:[00000]:[00000]  UR:[00743]:[03511]:[00011] 
03:19.44 lv0 UR:[0006]:[0057]:[0004] 
03:19.44 lv0 UDP Total COunt : 18000 Server Connector : 1 
03:29.44 lv0 (User:10|Room:5)UD:[00000]:[00000]:[00000]  UR:[04827]:[41767]:[00178] 
03:29.44 lv0 UR:[0018]:[0239]:[0004] 
03:29.44 lv0 UDP Total COunt : 18000 Server Connector : 1 
03:39.44 lv0 (User:16|Room:7)UD:[00000]:[00000]:[00000]  UR:[06219]:[90336]:[00388] 
03:39.44 lv0 UR:[0053]:[0522]:[0005] 
03:39.44 lv0 UDP Total COunt : 18000 Server Connector : 1 
03:49.44 lv0 (User:5|Room:4)UD:[00000]:[00000]:[00000]  UR:[01734]:[31820]:[00287] 
03:49.44 lv0 UR:[0053]:[0522]:[0005] 
03:49.44 lv0 UDP Total COunt : 18000 Server Connector : 1 
03:59.44 lv0 (User:12|Room:5)UD:[00000]:[00000]:[00000]  UR:[00551]:[02631]:[00038] 
03:59.44 lv0 UR:[0053]:[0522]:[0005] 
03:59.44 lv0 UDP Total COunt : 18000 Server Connector : 1 
04:09.44 lv0 (User:7|Room:6)UD:[00000]:[00000]:[00000]  UR:[00327]:[00786]:[00029] 
04:09.44 lv0 UR:[0053]:[0522]:[0005] 
04:09.44 lv0 UDP Total COunt : 18000 Server Connector : 1 
04:19.44 lv0 (User:7|Room:7)UD:[00000]:[00000]:[00000]  UR:[00198]:[00000]:[00000] 
04:19.44 lv0 UR:[0053]:[0522]:[0005] 
04:19.44 lv0 UDP Total COunt : 18000 Server Connector : 1 
04:29.44 lv0 (User:1|Room:1)UD:[00000]:[00000]:[00000]  UR:[00091]:[00000]:[00000] 
04:29.44 lv0 UR:[0053]:[0522]:[0005] 
04:29.44 lv0 UDP Total COunt : 18000 Server Connector : 1 
04:39.44 lv0 (User:3|Room:3)UD:[00000]:[00000]:[00000]  UR:[00186]:[00406]:[00017] 
04:39.44 lv0 UR:[0053]:[0522]:[0005] 
04:39.44 lv0 UDP Total COunt : 18000 Server Connector : 1 
04:49.44 lv0 (User:2|Room:2)UD:[00000]:[00000]:[00000]  UR:[00097]:[00000]:[00000] 
04:49.44 lv0 UR:[0053]:[0522]:[0005] 
04:49.44 lv0 UDP Total COunt : 18000 Server Connector : 1 
04:59.44 lv0 (User:3|Room:3)UD:[00000]:[00000]:[00000]  UR:[00088]:[00016]:[00000] 
04:59.44 lv0 UR:[0053]:[0522]:[0005] 
04:59.44 lv0 UDP Total COunt : 18000 Server Connector : 1 
05:09.44 lv0 (User:1|Room:1)UD:[00000]:[00000]:[00000]  UR:[00108]:[00000]:[00000] 
05:09.44 lv0 UR:[0053]:[0522]:[0005] 
05:09.44 lv0 UDP Total COunt : 18000 Server Connector : 1 
05:19.44 lv0 (User:1|Room:1)UD:[00000]:[00000]:[00000]  UR:[00063]:[00000]:[00000] 
05:19.44 lv0 UR:[0053]:[0522]:[0005] 
05:19.44 lv0 UDP Total COunt : 18000 Server Connector : 1 
05:29.44 lv0 (User:1|Room:1)UD:[00000]:[00000]:[00000]  UR:[00092]:[00000]:[00000] 
05:29.44 lv0 UR:[0053]:[0522]:[0005] 
05:29.44 lv0 UDP Total COunt : 18000 Server Connector : 1 
05:39.44 lv0 (User:2|Room:2)UD:[00000]:[00000]:[00000]  UR:[00168]:[00586]:[00033] 
05:39.44 lv0 UR:[0053]:[0522]:[0005] 
05:39.44 lv0 UDP Total COunt : 18000 Server Connector : 1 
05:49.44 lv0 (User:2|Room:3)UD:[00000]:[00000]:[00000]  UR:[00076]:[00000]:[00000] 
05:49.44 lv0 UR:[0053]:[0522]:[0005] 
05:49.44 lv0 UDP Total COunt : 18000 Server Connector : 1 
05:59.44 lv0 (User:3|Room:4)UD:[00000]:[00000]:[00000]  UR:[00101]:[00000]:[00000] 
05:59.44 lv0 UR:[0053]:[0522]:[0005] 
05:59.44 lv0 UDP Total COunt : 18000 Server Connector : 1 
06:09.44 lv0 (User:1|Room:2)UD:[00000]:[00000]:[00000]  UR:[00069]:[00000]:[00000] 
06:09.44 lv0 UR:[0053]:[0522]:[0005] 
06:09.44 lv0 UDP Total COunt : 18000 Server Connector : 1 
06:19.44 lv0 (User:2|Room:3)UD:[00000]:[00000]:[00000]  UR:[00062]:[00000]:[00000] 
06:19.44 lv0 UR:[0053]:[0522]:[0005] 
06:19.44 lv0 UDP Total COunt : 18000 Server Connector : 1 
06:29.44 lv0 (User:1|Room:2)UD:[00000]:[00000]:[00000]  UR:[00072]:[00000]:[00000] 
06:29.44 lv0 UR:[0053]:[0522]:[0005] 
06:29.44 lv0 UDP Total COunt : 18000 Server Connector : 1 
06:39.44 lv0 (User:1|Room:2)UD:[00000]:[00000]:[00000]  UR:[00064]:[00000]:[00000] 
06:39.44 lv0 UR:[0053]:[0522]:[0005] 
06:39.44 lv0 UDP Total COunt : 18000 Server Connector : 1 
06:49.44 lv0 (User:2|Room:2)UD:[00000]:[00000]:[00000]  UR:[00082]:[00000]:[00000] 
06:49.44 lv0 UR:[0053]:[0522]:[0005] 
06:49.44 lv0 UDP Total COunt : 18000 Server Connector : 1 
06:59.44 lv0 (User:2|Room:2)UD:[00000]:[00000]:[00000]  UR:[00087]:[00000]:[00000] 
06:59.44 lv0 UR:[0053]:[0522]:[0005] 
06:59.44 lv0 UDP Total COunt : 18000 Server Connector : 1 
07:09.44 lv0 (User:1|Room:1)UD:[00000]:[00000]:[00000]  UR:[00086]:[00000]:[00000] 
07:09.44 lv0 UR:[0053]:[0522]:[0005] 
07:09.44 lv0 UDP Total COunt : 18000 Server Connector : 1 
07:19.44 lv0 (User:1|Room:1)UD:[00000]:[00000]:[00000]  UR:[00087]:[00000]:[00000] 
07:19.44 lv0 UR:[0053]:[0522]:[0005] 
07:19.44 lv0 UDP Total COunt : 18000 Server Connector : 1 
07:29.44 lv0 (User:1|Room:1)UD:[00000]:[00000]:[00000]  UR:[00120]:[00000]:[00000] 
07:29.44 lv0 UR:[0053]:[0522]:[0005] 
07:29.44 lv0 UDP Total COunt : 18000 Server Connector : 1 
07:39.44 lv0 (User:1|Room:1)UD:[00000]:[00000]:[00000]  UR:[00068]:[00000]:[00000] 
07:39.44 lv0 UR:[0053]:[0522]:[0005] 
07:39.44 lv0 UDP Total COunt : 18000 Server Connector : 1 
07:49.44 lv0 (User:2|Room:2)UD:[00000]:[00000]:[00000]  UR:[00072]:[00000]:[00000] 
07:49.44 lv0 UR:[0053]:[0522]:[0005] 
07:49.44 lv0 UDP Total COunt : 18000 Server Connector : 1 
07:59.44 lv0 (User:2|Room:2)UD:[00000]:[00000]:[00000]  UR:[00086]:[00000]:[00000] 
07:59.44 lv0 UR:[0053]:[0522]:[0005] 
07:59.44 lv0 UDP Total COunt : 18000 Server Connector : 1 
08:09.44 lv0 (User:3|Room:3)UD:[00000]:[00000]:[00000]  UR:[00111]:[00000]:[00000] 
08:09.44 lv0 UR:[0053]:[0522]:[0005] 
08:09.44 lv0 UDP Total COunt : 18000 Server Connector : 1 
08:19.44 lv0 (User:3|Room:3)UD:[00000]:[00000]:[00000]  UR:[00079]:[00000]:[00000] 
08:19.44 lv0 UR:[0053]:[0522]:[0005] 
08:19.44 lv0 UDP Total COunt : 18000 Server Connector : 1 
08:29.44 lv0 (User:2|Room:2)UD:[00000]:[00000]:[00000]  UR:[00084]:[00000]:[00000] 
08:29.44 lv0 UR:[0053]:[0522]:[0005] 
08:29.44 lv0 UDP Total COunt : 18000 Server Connector : 1 
08:39.44 lv0 (User:1|Room:1)UD:[00000]:[00000]:[00000]  UR:[00073]:[00000]:[00000] 
08:39.44 lv0 UR:[0053]:[0522]:[0005] 
08:39.44 lv0 UDP Total COunt : 18000 Server Connector : 1 
08:49.44 lv0 (User:2|Room:2)UD:[00000]:[00000]:[00000]  UR:[00069]:[00000]:[00000] 
08:49.44 lv0 UR:[0053]:[0522]:[0005] 
08:49.44 lv0 UDP Total COunt : 18000 Server Connector : 1 
08:59.44 lv0 (User:2|Room:2)UD:[00000]:[00000]:[00000]  UR:[00087]:[00000]:[00000] 
08:59.44 lv0 UR:[0053]:[0522]:[0005] 
08:59.44 lv0 UDP Total COunt : 18000 Server Connector : 1 
09:09.44 lv0 (User:1|Room:2)UD:[00000]:[00000]:[00000]  UR:[00114]:[00000]:[00000] 
09:09.44 lv0 UR:[0053]:[0522]:[0005] 
09:09.44 lv0 UDP Total COunt : 18000 Server Connector : 1 
09:19.44 lv0 (User:2|Room:3)UD:[00000]:[00000]:[00000]  UR:[00083]:[00000]:[00000] 
09:19.44 lv0 UR:[0053]:[0522]:[0005] 
09:19.44 lv0 UDP Total COunt : 18000 Server Connector : 1 
09:29.44 lv0 (User:4|Room:5)UD:[00000]:[00000]:[00000]  UR:[00862]:[04326]:[00041] 
09:29.44 lv0 UR:[0053]:[0522]:[0005] 
09:29.44 lv0 UDP Total COunt : 18000 Server Connector : 1 
09:39.44 lv0 (User:4|Room:5)UD:[00000]:[00000]:[00000]  UR:[00173]:[00029]:[00000] 
09:39.44 lv0 UR:[0053]:[0522]:[0005] 
09:39.44 lv0 UDP Total COunt : 18000 Server Connector : 1 
09:49.44 lv0 (User:4|Room:4)UD:[00000]:[00000]:[00000]  UR:[00179]:[00000]:[00000] 
09:49.44 lv0 UR:[0053]:[0522]:[0005] 
09:49.44 lv0 UDP Total COunt : 18000 Server Connector : 1 
09:59.44 lv0 (User:5|Room:6)UD:[00000]:[00000]:[00000]  UR:[00178]:[00183]:[00005] 
09:59.44 lv0 UR:[0053]:[0522]:[0005] 
09:59.44 lv0 UDP Total COunt : 18000 Server Connector : 1 
10:09.44 lv0 (User:6|Room:5)UD:[00000]:[00000]:[00000]  UR:[00175]:[00000]:[00000] 
10:09.44 lv0 UR:[0053]:[0522]:[0005] 
10:09.44 lv0 UDP Total COunt : 18000 Server Connector : 1 
10:19.44 lv0 (User:4|Room:4)UD:[00000]:[00000]:[00000]  UR:[00141]:[00000]:[00000] 
10:19.44 lv0 UR:[0053]:[0522]:[0005] 
10:19.44 lv0 UDP Total COunt : 18000 Server Connector : 1 
10:29.44 lv0 (User:2|Room:2)UD:[00000]:[00000]:[00000]  UR:[00126]:[00000]:[00000] 
10:29.44 lv0 UR:[0053]:[0522]:[0005] 
10:29.44 lv0 UDP Total COunt : 18000 Server Connector : 1 
10:39.44 lv0 (User:2|Room:2)UD:[00000]:[00000]:[00000]  UR:[00145]:[00000]:[00000] 
10:39.44 lv0 UR:[0053]:[0522]:[0005] 
10:39.44 lv0 UDP Total COunt : 18000 Server Connector : 1 
10:49.44 lv0 (User:3|Room:3)UD:[00000]:[00000]:[00000]  UR:[00121]:[00000]:[00000] 
10:49.44 lv0 UR:[0053]:[0522]:[0005] 
10:49.44 lv0 UDP Total COunt : 18000 Server Connector : 1 
10:59.44 lv0 (User:3|Room:3)UD:[00000]:[00000]:[00000]  UR:[00154]:[00000]:[00000] 
10:59.44 lv0 UR:[0053]:[0522]:[0005] 
10:59.44 lv0 UDP Total COunt : 18000 Server Connector : 1 
11:09.44 lv0 (User:3|Room:3)UD:[00000]:[00000]:[00000]  UR:[00230]:[00227]:[00006] 
11:09.44 lv0 UR:[0053]:[0522]:[0005] 
11:09.44 lv0 UDP Total COunt : 18000 Server Connector : 1 
11:19.44 lv0 (User:4|Room:2)UD:[00000]:[00000]:[00000]  UR:[00158]:[00000]:[00000] 
11:19.44 lv0 UR:[0053]:[0522]:[0005] 
11:19.44 lv0 UDP Total COunt : 18000 Server Connector : 1 
11:29.44 lv0 (User:5|Room:2)UD:[00000]:[00000]:[00000]  UR:[00157]:[00007]:[00000] 
11:29.44 lv0 UR:[0053]:[0522]:[0005] 
11:29.44 lv0 UDP Total COunt : 18000 Server Connector : 1 
11:39.44 lv0 (User:4|Room:3)UD:[00000]:[00000]:[00000]  UR:[00157]:[00000]:[00000] 
11:39.44 lv0 UR:[0053]:[0522]:[0005] 
11:39.44 lv0 UDP Total COunt : 18000 Server Connector : 1 
11:49.44 lv0 (User:4|Room:3)UD:[00000]:[00000]:[00000]  UR:[00220]:[00242]:[00009] 
11:49.44 lv0 UR:[0053]:[0522]:[0005] 
11:49.44 lv0 UDP Total COunt : 18000 Server Connector : 1 
11:59.44 lv0 (User:5|Room:3)UD:[00000]:[00000]:[00000]  UR:[00161]:[00000]:[00000] 
11:59.44 lv0 UR:[0053]:[0522]:[0005] 
11:59.44 lv0 UDP Total COunt : 18000 Server Connector : 1 
12:09.44 lv0 (User:3|Room:2)UD:[00000]:[00000]:[00000]  UR:[00139]:[00000]:[00000] 
12:09.44 lv0 UR:[0053]:[0522]:[0005] 
12:09.44 lv0 UDP Total COunt : 18000 Server Connector : 1 
12:19.44 lv0 (User:4|Room:3)UD:[00000]:[00000]:[00000]  UR:[00150]:[00000]:[00000] 
12:19.44 lv0 UR:[0053]:[0522]:[0005] 
12:19.44 lv0 UDP Total COunt : 18000 Server Connector : 1 
12:29.44 lv0 (User:2|Room:1)UD:[00000]:[00000]:[00000]  UR:[00207]:[00122]:[00010] 
12:29.44 lv0 UR:[0053]:[0522]:[0005] 
12:29.44 lv0 UDP Total COunt : 18000 Server Connector : 1 
12:39.44 lv0 (User:9|Room:5)UD:[00000]:[00000]:[00000]  UR:[00458]:[02586]:[00026] 
12:39.44 lv0 UR:[0053]:[0522]:[0005] 
12:39.44 lv0 UDP Total COunt : 18000 Server Connector : 1 
12:49.44 lv0 (User:13|Room:8)UD:[00000]:[00000]:[00000]  UR:[00835]:[05369]:[00015] 
12:49.44 lv0 UR:[0053]:[0522]:[0005] 
12:49.44 lv0 UDP Total COunt : 18000 Server Connector : 1 
12:59.44 lv0 (User:16|Room:11)UD:[00000]:[00000]:[00000]  UR:[00990]:[11639]:[00017] 
12:59.44 lv0 UR:[0053]:[0522]:[0005] 
12:59.44 lv0 UDP Total COunt : 18000 Server Connector : 1 
13:09.44 lv0 (User:19|Room:9)UD:[00000]:[00000]:[00000]  UR:[01641]:[23687]:[00071] 
13:09.44 lv0 UR:[0053]:[0522]:[0005] 
13:09.44 lv0 UDP Total COunt : 18000 Server Connector : 1 
13:19.44 lv0 (User:20|Room:10)UD:[00000]:[00000]:[00000]  UR:[01968]:[50983]:[00018] 
13:19.44 lv0 UR:[0053]:[0522]:[0005] 
13:19.44 lv0 UDP Total COunt : 18000 Server Connector : 1 
13:29.44 lv0 (User:25|Room:11)UD:[00000]:[00000]:[00000]  UR:[06942]:[121009]:[00462] 
13:29.44 lv0 UR:[0053]:[0522]:[0005] 
13:29.44 lv0 UDP Total COunt : 18000 Server Connector : 1 
13:39.44 lv0 (User:30|Room:16)UD:[00000]:[00000]:[00000]  UR:[29429]:[96071]:[00327] 
13:39.44 lv0 UR:[0092]:[0522]:[0009] 
13:39.44 lv0 UDP Total COunt : 18000 Server Connector : 1 
13:49.44 lv0 (User:8|Room:7)UD:[00000]:[00000]:[00000]  UR:[00461]:[03218]:[00006] 
13:49.44 lv0 UR:[0092]:[0522]:[0009] 
13:49.44 lv0 UDP Total COunt : 18000 Server Connector : 1 
13:59.44 lv0 (User:18|Room:14)UD:[00000]:[00000]:[00000]  UR:[01127]:[28145]:[00047] 
13:59.44 lv0 UR:[0092]:[0522]:[0009] 
13:59.44 lv0 UDP Total COunt : 18000 Server Connector : 1 
14:09.44 lv0 (User:21|Room:14)UD:[00000]:[00000]:[00000]  UR:[02298]:[32523]:[00125] 
14:09.44 lv0 UR:[0092]:[0522]:[0009] 
14:09.44 lv0 UDP Total COunt : 18000 Server Connector : 1 
14:19.44 lv0 (User:2|Room:2)UD:[00000]:[00000]:[00000]  UR:[01883]:[29920]:[00087] 
14:19.44 lv0 UR:[0092]:[0522]:[0009] 
14:19.44 lv0 UDP Total COunt : 18000 Server Connector : 1 
14:29.44 lv0 (User:1|Room:3)UD:[00000]:[00000]:[00000]  UR:[00629]:[02963]:[00022] 
14:29.44 lv0 UR:[0092]:[0522]:[0009] 
14:29.44 lv0 UDP Total COunt : 18000 Server Connector : 1 
14:39.44 lv0 (User:10|Room:8)UD:[00000]:[00000]:[00000]  UR:[00188]:[00474]:[00004] 
14:39.44 lv0 UR:[0092]:[0522]:[0009] 
14:39.44 lv0 UDP Total COunt : 18000 Server Connector : 1 
14:49.44 lv0 (User:5|Room:5)UD:[00000]:[00000]:[00000]  UR:[00069]:[00344]:[00003] 
14:49.44 lv0 UR:[0092]:[0522]:[0009] 
14:49.44 lv0 UDP Total COunt : 18000 Server Connector : 1 
14:59.44 lv0 (User:3|Room:4)UD:[00000]:[00000]:[00000]  UR:[00073]:[00000]:[00000] 
14:59.44 lv0 UR:[0092]:[0522]:[0009] 
14:59.44 lv0 UDP Total COunt : 18000 Server Connector : 1 
15:09.44 lv0 (User:2|Room:3)UD:[00000]:[00000]:[00000]  UR:[00121]:[00000]:[00000] 
15:09.44 lv0 UR:[0092]:[0522]:[0009] 
15:09.44 lv0 UDP Total COunt : 18000 Server Connector : 1 
15:16.22 lv0 <<< --------------------  End File -------------------- >>>
 
