18:39.44 lv0 <<< --------------------  Create File -------------------- >>> 
18:49.44 lv0 (User:37|Room:15)UD:[00000]:[00000]:[00000]  UR:[14211]:[124156]:[01093] 
18:49.44 lv0 UR:[0004]:[0004]:[0003] 
18:49.44 lv0 UDP Total COunt : 18000 Server Connector : 1 
18:59.44 lv0 (User:33|Room:19)UD:[00000]:[00000]:[00000]  UR:[19599]:[179048]:[02585] 
18:59.44 lv0 UR:[0004]:[0009]:[0003] 
18:59.44 lv0 UDP Total COunt : 18000 Server Connector : 1 
19:09.44 lv0 (User:31|Room:17)UD:[00000]:[00000]:[00000]  UR:[04689]:[66562]:[00766] 
19:09.44 lv0 UR:[0004]:[0013]:[0003] 
19:09.44 lv0 UDP Total COunt : 18000 Server Connector : 1 
19:19.44 lv0 (User:3|Room:7)UD:[00000]:[00000]:[00000]  UR:[03041]:[60531]:[00299] 
19:19.44 lv0 UR:[0004]:[0013]:[0003] 
19:19.44 lv0 UDP Total COunt : 18000 Server Connector : 1 
19:29.44 lv0 (User:6|Room:9)UD:[00000]:[00000]:[00000]  UR:[03043]:[29191]:[00264] 
19:29.44 lv0 UR:[0004]:[0013]:[0003] 
19:29.44 lv0 UDP Total COunt : 18000 Server Connector : 1 
19:39.44 lv0 (User:1|Room:6)UD:[00000]:[00000]:[00000]  UR:[02621]:[40316]:[00225] 
19:39.44 lv0 UR:[0004]:[0013]:[0003] 
19:39.44 lv0 UDP Total COunt : 18000 Server Connector : 1 
19:49.44 lv0 (User:1|Room:6)UD:[00000]:[00000]:[00000]  UR:[00030]:[00000]:[00000] 
19:49.44 lv0 UR:[0004]:[0013]:[0003] 
19:49.44 lv0 UDP Total COunt : 18000 Server Connector : 1 
19:59.44 lv0 (User:10|Room:13)UD:[00000]:[00000]:[00000]  UR:[00527]:[02103]:[00018] 
19:59.44 lv0 UR:[0004]:[0013]:[0003] 
19:59.44 lv0 UDP Total COunt : 18000 Server Connector : 1 
20:09.44 lv0 (User:8|Room:11)UD:[00000]:[00000]:[00000]  UR:[01111]:[04844]:[00004] 
20:09.44 lv0 UR:[0004]:[0013]:[0003] 
20:09.44 lv0 UDP Total COunt : 18000 Server Connector : 1 
20:19.44 lv0 (User:19|Room:15)UD:[00000]:[00000]:[00000]  UR:[02063]:[41750]:[00180] 
20:19.44 lv0 UR:[0004]:[0013]:[0003] 
20:19.44 lv0 UDP Total COunt : 18000 Server Connector : 1 
20:29.44 lv0 (User:31|Room:21)UD:[00000]:[00000]:[00000]  UR:[08665]:[138231]:[00836] 
20:29.44 lv0 UR:[0004]:[0013]:[0003] 
20:29.44 lv0 UDP Total COunt : 18000 Server Connector : 1 
20:39.44 lv0 (User:35|Room:18)UD:[00000]:[00000]:[00000]  UR:[07316]:[176468]:[00478] 
20:39.44 lv0 UR:[0004]:[0013]:[0003] 
20:39.44 lv0 UDP Total COunt : 18000 Server Connector : 1 
20:49.44 lv0 (User:41|Room:22)UD:[00000]:[00000]:[00000]  UR:[06063]:[174615]:[00287] 
20:49.44 lv0 UR:[0004]:[0013]:[0003] 
20:49.44 lv0 UDP Total COunt : 18000 Server Connector : 1 
20:59.44 lv0 (User:56|Room:26)UD:[00000]:[00000]:[00000]  UR:[11401]:[287355]:[00946] 
20:59.44 lv0 UR:[0004]:[0013]:[0003] 
20:59.44 lv0 UDP Total COunt : 18000 Server Connector : 1 
21:09.44 lv0 (User:62|Room:30)UD:[00000]:[00000]:[00000]  UR:[12707]:[323033]:[01533] 
21:09.44 lv0 UR:[0004]:[0013]:[0003] 
21:09.44 lv0 UDP Total COunt : 18000 Server Connector : 1 
21:19.44 lv0 (User:61|Room:26)UD:[00000]:[00000]:[00000]  UR:[17596]:[306519]:[01591] 
21:19.44 lv0 UR:[0004]:[0013]:[0003] 
21:19.44 lv0 UDP Total COunt : 18000 Server Connector : 1 
21:29.44 lv0 (User:10|Room:8)UD:[00000]:[00000]:[00000]  UR:[17960]:[139584]:[00829] 
21:29.44 lv0 UR:[0004]:[0013]:[0003] 
21:29.44 lv0 UDP Total COunt : 18000 Server Connector : 1 
21:39.44 lv0 (User:37|Room:17)UD:[00000]:[00000]:[00000]  UR:[30340]:[198448]:[02046] 
21:39.44 lv0 UR:[0004]:[0013]:[0003] 
21:39.44 lv0 UDP Total COunt : 18000 Server Connector : 1 
21:49.44 lv0 (User:20|Room:12)UD:[00000]:[00000]:[00000]  UR:[08152]:[71550]:[00488] 
21:49.44 lv0 UR:[0004]:[0013]:[0003] 
21:49.44 lv0 UDP Total COunt : 18000 Server Connector : 1 
21:59.44 lv0 (User:30|Room:16)UD:[00000]:[00000]:[00000]  UR:[04837]:[95170]:[00412] 
21:59.44 lv0 UR:[0004]:[0013]:[0004] 
21:59.44 lv0 UDP Total COunt : 18000 Server Connector : 1 
22:09.44 lv0 (User:37|Room:18)UD:[00000]:[00000]:[00000]  UR:[30071]:[182665]:[01148] 
22:09.44 lv0 UR:[0004]:[0013]:[0004] 
22:09.44 lv0 UDP Total COunt : 18000 Server Connector : 1 
22:19.44 lv0 (User:3|Room:3)UD:[00000]:[00000]:[00000]  UR:[17105]:[107680]:[00791] 
22:19.44 lv0 UR:[0004]:[0013]:[0004] 
22:19.44 lv0 UDP Total COunt : 18000 Server Connector : 1 
22:29.44 lv0 (User:37|Room:20)UD:[00000]:[00000]:[00000]  UR:[10199]:[76041]:[01012] 
22:29.44 lv0 UR:[0004]:[0013]:[0004] 
22:29.44 lv0 UDP Total COunt : 18000 Server Connector : 1 
22:39.44 lv0 (User:51|Room:22)UD:[00000]:[00000]:[00000]  UR:[25375]:[298710]:[02709] 
22:39.44 lv0 UR:[0004]:[0013]:[0004] 
22:39.44 lv0 UDP Total COunt : 18000 Server Connector : 1 
22:49.44 lv0 (User:27|Room:10)UD:[00000]:[00000]:[00000]  UR:[32264]:[274286]:[02459] 
22:49.44 lv0 UR:[0004]:[0013]:[0004] 
22:49.44 lv0 UDP Total COunt : 18000 Server Connector : 1 
22:59.44 lv0 (User:21|Room:9)UD:[00000]:[00000]:[00000]  UR:[108570]:[459871]:[06276] 
22:59.44 lv0 UR:[0004]:[0013]:[0004] 
22:59.44 lv0 UDP Total COunt : 18000 Server Connector : 1 
23:09.44 lv0 (User:31|Room:8)UD:[00000]:[00000]:[00000]  UR:[52642]:[286456]:[03663] 
23:09.44 lv0 UR:[0004]:[0013]:[0004] 
23:09.44 lv0 UDP Total COunt : 18000 Server Connector : 1 
23:19.44 lv0 (User:20|Room:10)UD:[00000]:[00000]:[00000]  UR:[29172]:[171150]:[01588] 
23:19.44 lv0 UR:[0004]:[0013]:[0004] 
23:19.44 lv0 UDP Total COunt : 18000 Server Connector : 1 
23:29.44 lv0 (User:28|Room:12)UD:[00000]:[00000]:[00000]  UR:[12171]:[145891]:[01079] 
23:29.44 lv0 UR:[0004]:[0013]:[0004] 
23:29.44 lv0 UDP Total COunt : 18000 Server Connector : 1 
23:39.44 lv0 (User:15|Room:7)UD:[00000]:[00000]:[00000]  UR:[01946]:[20632]:[00093] 
23:39.44 lv0 UR:[0004]:[0013]:[0004] 
23:39.44 lv0 UDP Total COunt : 18000 Server Connector : 1 
23:49.44 lv0 (User:0|Room:3)UD:[00000]:[00000]:[00000]  UR:[04296]:[49665]:[00388] 
23:49.44 lv0 UR:[0004]:[0013]:[0004] 
23:49.44 lv0 UDP Total COunt : 18000 Server Connector : 1 
23:59.44 lv0 (User:13|Room:9)UD:[00000]:[00000]:[00000]  UR:[02286]:[20800]:[00109] 
23:59.44 lv0 UR:[0004]:[0013]:[0004] 
23:59.44 lv0 UDP Total COunt : 18000 Server Connector : 1 
00:00.00 lv0 <<< --------------------  End File -------------------- >>> 
